/home/jeff/Desktop/fontlist.txt
/home/jeff/Desktop/pia22949.jpg
/home/jeff/Desktop/unnamed.jpg
/home/jeff/Dropbox/Turner, Noah/discovery/Responses to subpoenas/Griffin Pediatrics.pdf
/home/jeff/Dropbox/Chambers : Johnsons/Appeal/Johnsons/2019.7.10 AOC Ware.pdf
/home/jeff/Dropbox/Davis Bozeman shared folder/Shali Tilson/docket/019 - amended complaint.pdf
/home/jeff/Dropbox/Davis Bozeman shared folder/Shali Tilson/drafts/response to motion to stay discovery/Tilson - response to motion to stay discovery _ FINAL.docx
/home/jeff/Dropbox/Turner, Noah/trial/legal research/causation/COOPER V. MARTEN TRANSPORT - 11th Cir. - expert testimony not needed for complex causation.pdf
/home/jeff/Dropbox/Turner, Noah/evidence/From DJJ/DJJ Policies/3.56 Employee and Applicant Alcohol and Drug Testing.pdf
/home/jeff/Dropbox/Goldring, JuJu/docket/017_COS requests to defendants and subpoena to APD.pdf
/home/jeff/Dropbox/Demere/drafts/open records/3.8.18 ORA to BPD.pdf
/home/jeff/Dropbox/Demere/appeal/drafts/Appendix/Docs/Docket as of 2019.5.7.pdf
/home/jeff/Dropbox/Demere/appeal/docket/2019.3.27_19-11140_Documents.pdf
/home/jeff/Dropbox/Demere/discovery/Defendant responses/Pilcher Documents Produced [2.9.18]/VIDEOS/BRIANNA DEMERE/EvidenceReviewer/Files/xClient/Images/Picture.png
/home/jeff/Dropbox/Turner, Noah/discovery/Responses to subpoenas/CHOA/CHOA Egleston Records.pdf
/home/jeff/Dropbox/Turner, Noah/discovery/Responses to subpoenas/CHOA/Imaging/Images/noResultsButton.png
/home/jeff/Dropbox/Turner, Noah/discovery/Responses to subpoenas/CHOA/Imaging/Images/resultsButton.png
/home/jeff/Dropbox/Goldring, JuJu/transcripts/Sirchie/Transcript_Deposition_of_Dyer_Bennett_Representative_of_Sirchie_Inc_/Bennett 4-29-19 4.pdf
/home/jeff/Dropbox/Goldring, JuJu/transcripts/Sirchie/Transcript_Deposition_of_Dyer_Bennett_Representative_of_Sirchie_Inc_/Bennett 4-29-19 2.pdf
/home/jeff/Dropbox/Wilson-Anthony/jrf - temp msj folder/MSJ/drafts/response to city MSJ/FINAL DRAFTS/wilson - douglasville response brief.doc
/home/jeff/Dropbox/Davis Bozeman shared folder/Shali Tilson/drafts/response to rule 12(c) motion/Tilson - response to rule 12(c) motion _ FINAL.docx
/home/jeff/Dropbox/Goldring, JuJu/transcripts/Restrepo/April 09, 2019_  Officer Juan_Restrepo_FULL ONLY FOR FILING.pdf
/home/jeff/Dropbox/Goldring, JuJu/transcripts/Restrepo/April 09, 2019_  Officer Juan_Restrepo_index.pdf
/home/jeff/Dropbox/Goldring, JuJu/drafts/service/Restrepo affidavit of service.pdf
